<?xml version="1.0" encoding="UTF-8"?>
<!-- Generated by org.testng.reporters.JUnitReportReporter -->
<testsuite skipped="0" hostname="EMB-BAN-168" name="Testcases.TestBannerClick" tests="1" failures="0" timestamp="13 Jul 2018 13:01:59 GMT" time="1.319" errors="0">
  <testcase name="Banner" time="1.319" classname="Testcases.TestBannerClick"/>
</testsuite> <!-- Testcases.TestBannerClick -->
