<?xml version="1.0" encoding="UTF-8"?>
<!-- Generated by org.testng.reporters.JUnitReportReporter -->
<testsuite skipped="0" hostname="EMB-BAN-168" name="Testcases.TestSearch$TestAccount" tests="1" failures="0" timestamp="12 Jul 2018 13:31:12 GMT" time="3.087" errors="0">
  <testcase name="MyAccountInfo" time="3.087" classname="Testcases.TestSearch$TestAccount"/>
</testsuite> <!-- Testcases.TestSearch$TestAccount -->
