<?xml version="1.0" encoding="UTF-8"?>
<!-- Generated by org.testng.reporters.JUnitReportReporter -->
<testsuite skipped="0" hostname="EMB-BAN-168" name="Testcases.TestAddWishlist" tests="4" failures="0" timestamp="18 Jul 2018 12:56:53 GMT" time="120.015" errors="0">
  <testcase name="AddToWishlistQuickview" time="21.913" classname="Testcases.TestAddWishlist"/>
  <testcase name="AddToWishlistQuickviewLogin" time="25.312" classname="Testcases.TestAddWishlist"/>
  <testcase name="AddToWishlistPLP" time="31.198" classname="Testcases.TestAddWishlist"/>
  <testcase name="AddToWishlistPDP" time="41.592" classname="Testcases.TestAddWishlist"/>
</testsuite> <!-- Testcases.TestAddWishlist -->
