<?xml version="1.0" encoding="UTF-8"?>
<!-- Generated by org.testng.reporters.JUnitReportReporter -->
<testsuite skipped="0" hostname="EMB-BAN-168" name="Testcases.TestSearch$TestAccount" tests="2" failures="0" timestamp="16 Jul 2018 11:00:19 GMT" time="21.313" errors="0">
  <testcase name="searchWithLogin" time="18.232" classname="Testcases.TestSearch$TestAccount"/>
  <testcase name="searchWithoutLogin" time="3.081" classname="Testcases.TestSearch$TestAccount"/>
</testsuite> <!-- Testcases.TestSearch$TestAccount -->
