<?xml version="1.0" encoding="UTF-8"?>
<!-- Generated by org.testng.reporters.JUnitReportReporter -->
<testsuite skipped="0" hostname="EMB-BAN-168" name="Testcases.TestCswLogin" tests="1" failures="0" timestamp="16 Jul 2018 12:54:51 GMT" time="9.553" errors="0">
  <testcase name="coverStoryPhoneLogin" time="9.553" classname="Testcases.TestCswLogin"/>
</testsuite> <!-- Testcases.TestCswLogin -->
