<?xml version="1.0" encoding="UTF-8"?>
<!-- Generated by org.testng.reporters.JUnitReportReporter -->
<testsuite skipped="0" hostname="EMB-BAN-168" name="Testcases.TestBannerClick" tests="1" failures="0" timestamp="18 Jul 2018 05:44:17 GMT" time="18.148" errors="0">
  <testcase name="BannerclickWithLogin" time="18.148" classname="Testcases.TestBannerClick"/>
</testsuite> <!-- Testcases.TestBannerClick -->
