<?xml version="1.0" encoding="UTF-8"?>
<!-- Generated by org.testng.reporters.JUnitReportReporter -->
<testsuite skipped="0" hostname="EMB-BAN-168" name="Testcases.TestAddCart" tests="1" failures="0" timestamp="10 Jul 2018 09:46:35 GMT" time="46.581" errors="0">
  <testcase name="AddToCart" time="46.581" classname="Testcases.TestAddCart"/>
</testsuite> <!-- Testcases.TestAddCart -->
